SF:lib\data\models\weather_model.dart
DA:6,4
DA:18,4
DA:19,2
DA:20,6
DA:21,6
DA:22,4
DA:25,2
DA:26,1
DA:27,1
DA:28,1
DA:29,1
DA:32,1
DA:33,1
DA:35,1
DA:38,4
DA:39,2
DA:40,2
DA:41,2
DA:42,2
DA:45,2
DA:46,2
DA:47,2
DA:48,2
DA:49,2
DA:50,2
LF:25
LH:25
end_of_record
SF:lib\domain\entities\weather.dart
DA:4,6
DA:16,3
DA:17,3
DA:18,3
DA:19,3
DA:20,3
DA:21,3
LF:7
LH:7
end_of_record
SF:lib\core\constants.dart
DA:4,1
DA:5,1
DA:6,0
DA:7,0
LF:4
LH:2
end_of_record
SF:lib\core\errors\failure.dart
DA:5,3
DA:7,1
DA:8,2
DA:12,4
DA:16,3
DA:20,0
LF:6
LH:5
end_of_record
SF:lib\data\datasources\remote_datasource.dart
DA:15,1
DA:18,1
DA:20,5
DA:22,2
DA:23,3
DA:25,1
LF:6
LH:6
end_of_record
SF:lib\data\repositories\weather_repository_impl.dart
DA:16,1
DA:19,1
DA:21,3
DA:22,2
DA:23,1
DA:24,2
DA:25,1
DA:26,2
LF:8
LH:8
end_of_record
SF:lib\domain\usecases\get_current_weather.dart
DA:10,1
DA:12,1
DA:13,2
LF:3
LH:3
end_of_record
SF:lib\presentation\bloc\weather_state.dart
DA:4,2
DA:6,1
DA:7,1
DA:17,2
DA:19,1
DA:20,2
DA:26,2
DA:28,1
DA:29,2
LF:9
LH:9
end_of_record
SF:lib\presentation\bloc\weather_event.dart
DA:4,1
DA:6,0
DA:7,0
DA:13,1
DA:15,0
DA:16,0
LF:6
LH:2
end_of_record
SF:lib\presentation\bloc\weather_bloc.dart
DA:14,3
DA:15,1
DA:16,1
DA:17,1
DA:19,2
DA:21,3
DA:22,1
DA:23,1
DA:24,3
DA:26,1
DA:27,2
DA:31,1
DA:35,1
DA:36,3
LF:14
LH:14
end_of_record
